[20-Mar-2018 01:47:38] NOTICE: fpm is running, pid 1
[20-Mar-2018 01:47:38] NOTICE: ready to handle connections
[21-Mar-2018 07:46:23] NOTICE: fpm is running, pid 21
[21-Mar-2018 07:46:23] NOTICE: ready to handle connections
[21-Mar-2018 07:46:23] NOTICE: systemd monitor interval set to 10000ms
[21-Mar-2018 07:49:44] NOTICE: configuration file /etc/php5/fpm/php-fpm.conf test is successful

[21-Mar-2018 07:49:44] NOTICE: fpm is running, pid 23
[21-Mar-2018 07:49:44] NOTICE: ready to handle connections
[21-Mar-2018 07:49:44] NOTICE: systemd monitor interval set to 10000ms
[21-Mar-2018 08:40:04] NOTICE: configuration file /etc/php5/fpm/php-fpm.conf test is successful

[21-Mar-2018 08:40:04] NOTICE: fpm is running, pid 23
[21-Mar-2018 08:40:04] NOTICE: ready to handle connections
[21-Mar-2018 08:40:04] NOTICE: systemd monitor interval set to 10000ms
[21-Mar-2018 08:54:47] NOTICE: configuration file /etc/php5/fpm/php-fpm.conf test is successful

[21-Mar-2018 08:54:47] NOTICE: fpm is running, pid 24
[21-Mar-2018 08:54:47] NOTICE: ready to handle connections
[21-Mar-2018 08:54:47] NOTICE: systemd monitor interval set to 10000ms
[21-Mar-2018 09:22:56] NOTICE: configuration file /etc/php5/fpm/php-fpm.conf test is successful

[21-Mar-2018 09:22:56] NOTICE: fpm is running, pid 23
[21-Mar-2018 09:22:56] NOTICE: ready to handle connections
[21-Mar-2018 09:22:56] NOTICE: systemd monitor interval set to 10000ms
[22-Mar-2018 01:54:00] NOTICE: configuration file /etc/php5/fpm/php-fpm.conf test is successful

[22-Mar-2018 01:54:01] NOTICE: fpm is running, pid 23
[22-Mar-2018 01:54:01] NOTICE: ready to handle connections
[22-Mar-2018 01:54:01] NOTICE: systemd monitor interval set to 10000ms
[22-Mar-2018 01:54:52] NOTICE: configuration file /etc/php5/fpm/php-fpm.conf test is successful

[22-Mar-2018 01:54:52] NOTICE: fpm is running, pid 23
[22-Mar-2018 01:54:52] NOTICE: ready to handle connections
[22-Mar-2018 01:54:52] NOTICE: systemd monitor interval set to 10000ms
[22-Mar-2018 01:55:28] NOTICE: fpm is running, pid 21
[22-Mar-2018 01:55:28] NOTICE: ready to handle connections
[22-Mar-2018 01:55:28] NOTICE: systemd monitor interval set to 10000ms
[22-Mar-2018 02:14:07] NOTICE: fpm is running, pid 1
[22-Mar-2018 02:14:07] NOTICE: ready to handle connections
[22-Mar-2018 02:14:07] NOTICE: systemd monitor interval set to 10000ms
[22-Mar-2018 02:16:59] NOTICE: Terminating ...
[22-Mar-2018 02:16:59] NOTICE: exiting, bye-bye!
[22-Mar-2018 02:17:02] NOTICE: fpm is running, pid 1
[22-Mar-2018 02:17:02] NOTICE: ready to handle connections
[22-Mar-2018 02:17:02] NOTICE: systemd monitor interval set to 10000ms
[22-Mar-2018 02:23:39] NOTICE: Terminating ...
[22-Mar-2018 02:23:39] NOTICE: exiting, bye-bye!
[22-Mar-2018 02:23:41] NOTICE: fpm is running, pid 1
[22-Mar-2018 02:23:41] NOTICE: ready to handle connections
[22-Mar-2018 02:23:41] NOTICE: systemd monitor interval set to 10000ms
[22-Mar-2018 02:32:59] NOTICE: Terminating ...
[22-Mar-2018 02:32:59] NOTICE: exiting, bye-bye!
[22-Mar-2018 02:33:01] NOTICE: fpm is running, pid 1
[22-Mar-2018 02:33:01] NOTICE: ready to handle connections
[22-Mar-2018 02:33:01] NOTICE: systemd monitor interval set to 10000ms
[22-Mar-2018 02:36:13] NOTICE: fpm is running, pid 1
[22-Mar-2018 02:36:13] NOTICE: ready to handle connections
[22-Mar-2018 02:36:13] NOTICE: systemd monitor interval set to 10000ms
[22-Mar-2018 02:39:07] NOTICE: Terminating ...
[22-Mar-2018 02:39:07] NOTICE: exiting, bye-bye!
[22-Mar-2018 02:39:10] NOTICE: fpm is running, pid 1
[22-Mar-2018 02:39:10] NOTICE: ready to handle connections
[22-Mar-2018 02:39:10] NOTICE: systemd monitor interval set to 10000ms
[22-Mar-2018 03:10:43] NOTICE: Terminating ...
[22-Mar-2018 03:10:43] NOTICE: exiting, bye-bye!
[22-Mar-2018 07:19:40] NOTICE: fpm is running, pid 1
[22-Mar-2018 07:19:40] NOTICE: ready to handle connections
[22-Mar-2018 07:19:40] NOTICE: systemd monitor interval set to 10000ms
[22-Mar-2018 08:07:42] NOTICE: Terminating ...
[22-Mar-2018 08:07:42] NOTICE: exiting, bye-bye!
[22-Mar-2018 08:07:44] NOTICE: fpm is running, pid 1
[22-Mar-2018 08:07:44] NOTICE: ready to handle connections
[22-Mar-2018 08:07:44] NOTICE: systemd monitor interval set to 10000ms
[22-Mar-2018 08:43:24] NOTICE: Terminating ...
[22-Mar-2018 08:43:24] NOTICE: exiting, bye-bye!
[22-Mar-2018 08:43:26] ERROR: Unable to create the PID file (/run/php/php5.6-fpm.pid).: No such file or directory (2)
[22-Mar-2018 08:43:26] ERROR: FPM initialization failed
[22-Mar-2018 08:47:29] NOTICE: fpm is running, pid 1
[22-Mar-2018 08:47:29] NOTICE: ready to handle connections
[22-Mar-2018 08:47:29] NOTICE: systemd monitor interval set to 10000ms
[22-Mar-2018 09:01:25] WARNING: [pool www] server reached pm.max_children setting (5), consider raising it
[01-Aug-2018 16:44:28] NOTICE: fpm is running, pid 1
[01-Aug-2018 16:44:28] NOTICE: ready to handle connections
[01-Aug-2018 16:44:28] NOTICE: systemd monitor interval set to 10000ms
[02-Aug-2018 09:44:31] NOTICE: fpm is running, pid 1
[02-Aug-2018 09:44:31] NOTICE: ready to handle connections
[02-Aug-2018 09:44:31] NOTICE: systemd monitor interval set to 10000ms
[03-Aug-2018 09:45:14] NOTICE: fpm is running, pid 1
[03-Aug-2018 09:45:14] NOTICE: ready to handle connections
[03-Aug-2018 09:45:14] NOTICE: systemd monitor interval set to 10000ms
[06-Aug-2018 10:04:22] NOTICE: fpm is running, pid 1
[06-Aug-2018 10:04:22] NOTICE: ready to handle connections
[06-Aug-2018 10:04:22] NOTICE: systemd monitor interval set to 10000ms
[07-Aug-2018 09:43:59] NOTICE: fpm is running, pid 1
[07-Aug-2018 09:43:59] NOTICE: ready to handle connections
[07-Aug-2018 09:43:59] NOTICE: systemd monitor interval set to 10000ms
[08-Aug-2018 09:42:50] NOTICE: fpm is running, pid 1
[08-Aug-2018 09:42:50] NOTICE: ready to handle connections
[08-Aug-2018 09:42:50] NOTICE: systemd monitor interval set to 10000ms
[10-Aug-2018 09:55:27] NOTICE: fpm is running, pid 1
[10-Aug-2018 09:55:27] NOTICE: ready to handle connections
[10-Aug-2018 09:55:27] NOTICE: systemd monitor interval set to 10000ms
[13-Aug-2018 09:56:32] NOTICE: fpm is running, pid 1
[13-Aug-2018 09:56:32] NOTICE: ready to handle connections
[13-Aug-2018 09:56:32] NOTICE: systemd monitor interval set to 10000ms
[14-Aug-2018 09:50:31] NOTICE: fpm is running, pid 1
[14-Aug-2018 09:50:31] NOTICE: ready to handle connections
[14-Aug-2018 09:50:31] NOTICE: systemd monitor interval set to 10000ms
[15-Aug-2018 10:00:13] NOTICE: fpm is running, pid 1
[15-Aug-2018 10:00:13] NOTICE: ready to handle connections
[15-Aug-2018 10:00:13] NOTICE: systemd monitor interval set to 10000ms
[16-Aug-2018 10:04:12] NOTICE: fpm is running, pid 1
[16-Aug-2018 10:04:12] NOTICE: ready to handle connections
[16-Aug-2018 10:04:12] NOTICE: systemd monitor interval set to 10000ms
[17-Aug-2018 09:51:33] NOTICE: fpm is running, pid 1
[17-Aug-2018 09:51:33] NOTICE: ready to handle connections
[17-Aug-2018 09:51:33] NOTICE: systemd monitor interval set to 10000ms
[20-Aug-2018 09:52:57] NOTICE: fpm is running, pid 1
[20-Aug-2018 09:52:57] NOTICE: ready to handle connections
[20-Aug-2018 09:52:57] NOTICE: systemd monitor interval set to 10000ms
[21-Aug-2018 09:45:16] NOTICE: fpm is running, pid 1
[21-Aug-2018 09:45:16] NOTICE: ready to handle connections
[21-Aug-2018 09:45:16] NOTICE: systemd monitor interval set to 10000ms
[22-Aug-2018 09:53:03] NOTICE: fpm is running, pid 1
[22-Aug-2018 09:53:03] NOTICE: ready to handle connections
[22-Aug-2018 09:53:03] NOTICE: systemd monitor interval set to 10000ms
[23-Aug-2018 09:58:43] NOTICE: fpm is running, pid 1
[23-Aug-2018 09:58:44] NOTICE: ready to handle connections
[23-Aug-2018 09:58:44] NOTICE: systemd monitor interval set to 10000ms
[24-Aug-2018 10:02:57] NOTICE: fpm is running, pid 1
[24-Aug-2018 10:02:57] NOTICE: ready to handle connections
[24-Aug-2018 10:02:57] NOTICE: systemd monitor interval set to 10000ms
[27-Aug-2018 10:19:39] NOTICE: fpm is running, pid 1
[27-Aug-2018 10:19:39] NOTICE: ready to handle connections
[27-Aug-2018 10:19:39] NOTICE: systemd monitor interval set to 10000ms
[28-Aug-2018 11:30:52] NOTICE: fpm is running, pid 1
[28-Aug-2018 11:30:52] NOTICE: ready to handle connections
[28-Aug-2018 11:30:52] NOTICE: systemd monitor interval set to 10000ms
[29-Aug-2018 09:40:45] NOTICE: fpm is running, pid 1
[29-Aug-2018 09:40:45] NOTICE: ready to handle connections
[29-Aug-2018 09:40:45] NOTICE: systemd monitor interval set to 10000ms
[30-Aug-2018 09:33:23] NOTICE: fpm is running, pid 1
[30-Aug-2018 09:33:23] NOTICE: ready to handle connections
[30-Aug-2018 09:33:23] NOTICE: systemd monitor interval set to 10000ms
[31-Aug-2018 09:31:53] NOTICE: fpm is running, pid 1
[31-Aug-2018 09:31:53] NOTICE: ready to handle connections
[31-Aug-2018 09:31:53] NOTICE: systemd monitor interval set to 10000ms
[03-Sep-2018 10:01:02] NOTICE: fpm is running, pid 1
[03-Sep-2018 10:01:02] NOTICE: ready to handle connections
[03-Sep-2018 10:01:02] NOTICE: systemd monitor interval set to 10000ms
[04-Sep-2018 10:05:11] NOTICE: fpm is running, pid 1
[04-Sep-2018 10:05:11] NOTICE: ready to handle connections
[04-Sep-2018 10:05:11] NOTICE: systemd monitor interval set to 10000ms
[05-Sep-2018 09:48:56] NOTICE: fpm is running, pid 1
[05-Sep-2018 09:48:56] NOTICE: ready to handle connections
[05-Sep-2018 09:48:56] NOTICE: systemd monitor interval set to 10000ms
[06-Sep-2018 09:49:57] NOTICE: fpm is running, pid 1
[06-Sep-2018 09:49:57] NOTICE: ready to handle connections
[06-Sep-2018 09:49:57] NOTICE: systemd monitor interval set to 10000ms
[07-Sep-2018 10:08:15] NOTICE: fpm is running, pid 1
[07-Sep-2018 10:08:15] NOTICE: ready to handle connections
[07-Sep-2018 10:08:15] NOTICE: systemd monitor interval set to 10000ms
[10-Sep-2018 09:49:19] NOTICE: fpm is running, pid 1
[10-Sep-2018 09:49:19] NOTICE: ready to handle connections
[10-Sep-2018 09:49:19] NOTICE: systemd monitor interval set to 10000ms
[11-Sep-2018 09:52:47] NOTICE: fpm is running, pid 1
[11-Sep-2018 09:52:47] NOTICE: ready to handle connections
[11-Sep-2018 09:52:47] NOTICE: systemd monitor interval set to 10000ms
[12-Sep-2018 10:13:44] NOTICE: fpm is running, pid 1
[12-Sep-2018 10:13:44] NOTICE: ready to handle connections
[12-Sep-2018 10:13:44] NOTICE: systemd monitor interval set to 10000ms
[13-Sep-2018 09:49:01] NOTICE: fpm is running, pid 1
[13-Sep-2018 09:49:01] NOTICE: ready to handle connections
[13-Sep-2018 09:49:01] NOTICE: systemd monitor interval set to 10000ms
[13-Sep-2018 16:31:09] WARNING: [pool www] server reached pm.max_children setting (5), consider raising it
[14-Sep-2018 10:23:44] NOTICE: fpm is running, pid 1
[14-Sep-2018 10:23:44] NOTICE: ready to handle connections
[14-Sep-2018 10:23:44] NOTICE: systemd monitor interval set to 10000ms
[15-Sep-2018 11:49:45] NOTICE: fpm is running, pid 1
[15-Sep-2018 11:49:45] NOTICE: ready to handle connections
[15-Sep-2018 11:49:45] NOTICE: systemd monitor interval set to 10000ms
[16-Sep-2018 04:29:28] NOTICE: fpm is running, pid 1
[16-Sep-2018 04:29:28] NOTICE: ready to handle connections
[16-Sep-2018 04:29:28] NOTICE: systemd monitor interval set to 10000ms
[17-Sep-2018 02:22:59] NOTICE: fpm is running, pid 1
[17-Sep-2018 02:22:59] NOTICE: ready to handle connections
[17-Sep-2018 02:22:59] NOTICE: systemd monitor interval set to 10000ms
[21-Sep-2018 03:22:41] WARNING: [pool www] server reached pm.max_children setting (5), consider raising it
[21-Sep-2018 09:52:09] WARNING: [pool www] server reached pm.max_children setting (5), consider raising it
[21-Sep-2018 10:13:40] WARNING: [pool www] server reached pm.max_children setting (5), consider raising it
[21-Sep-2018 10:44:15] WARNING: [pool www] server reached pm.max_children setting (5), consider raising it
[25-Sep-2018 03:39:18] NOTICE: fpm is running, pid 1
[25-Sep-2018 03:39:18] NOTICE: ready to handle connections
[25-Sep-2018 03:39:18] NOTICE: systemd monitor interval set to 10000ms
[25-Sep-2018 06:28:39] NOTICE: Terminating ...
[25-Sep-2018 06:28:39] NOTICE: exiting, bye-bye!
[25-Sep-2018 06:28:42] NOTICE: fpm is running, pid 1
[25-Sep-2018 06:28:42] NOTICE: ready to handle connections
[25-Sep-2018 06:28:42] NOTICE: systemd monitor interval set to 10000ms
[25-Sep-2018 10:16:35] NOTICE: fpm is running, pid 1
[25-Sep-2018 10:16:35] NOTICE: ready to handle connections
[25-Sep-2018 10:16:35] NOTICE: systemd monitor interval set to 10000ms
[26-Sep-2018 02:30:07] NOTICE: Terminating ...
[26-Sep-2018 02:30:07] NOTICE: exiting, bye-bye!
[26-Sep-2018 02:30:10] NOTICE: fpm is running, pid 1
[26-Sep-2018 02:30:10] NOTICE: ready to handle connections
[26-Sep-2018 02:30:10] NOTICE: systemd monitor interval set to 10000ms
[08-Oct-2018 06:28:58] NOTICE: fpm is running, pid 1
[08-Oct-2018 06:28:58] NOTICE: ready to handle connections
[08-Oct-2018 06:28:58] NOTICE: systemd monitor interval set to 10000ms
[11-Oct-2018 02:16:02] NOTICE: fpm is running, pid 1
[11-Oct-2018 02:16:02] NOTICE: ready to handle connections
[11-Oct-2018 02:16:02] NOTICE: systemd monitor interval set to 10000ms
[18-Oct-2018 03:25:54] WARNING: [pool www] server reached pm.max_children setting (5), consider raising it
[18-Oct-2018 07:00:04] WARNING: [pool www] server reached pm.max_children setting (5), consider raising it
[26-Oct-2018 02:27:50] NOTICE: Terminating ...
[26-Oct-2018 02:27:50] NOTICE: exiting, bye-bye!
[26-Oct-2018 02:28:58] NOTICE: fpm is running, pid 1
[26-Oct-2018 02:28:58] NOTICE: ready to handle connections
[26-Oct-2018 02:28:58] NOTICE: systemd monitor interval set to 10000ms
[30-Oct-2018 02:21:28] NOTICE: fpm is running, pid 1
[30-Oct-2018 02:21:28] NOTICE: ready to handle connections
[30-Oct-2018 02:21:28] NOTICE: systemd monitor interval set to 10000ms
[31-Oct-2018 09:08:54] NOTICE: fpm is running, pid 1
[31-Oct-2018 09:08:54] NOTICE: ready to handle connections
[31-Oct-2018 09:08:54] NOTICE: systemd monitor interval set to 10000ms
[01-Nov-2018 03:37:38] NOTICE: fpm is running, pid 1
[01-Nov-2018 03:37:38] NOTICE: ready to handle connections
[01-Nov-2018 03:37:38] NOTICE: systemd monitor interval set to 10000ms
[01-Nov-2018 06:29:19] NOTICE: Terminating ...
[01-Nov-2018 06:29:19] NOTICE: exiting, bye-bye!
[01-Nov-2018 06:29:22] NOTICE: fpm is running, pid 1
[01-Nov-2018 06:29:22] NOTICE: ready to handle connections
[01-Nov-2018 06:29:22] NOTICE: systemd monitor interval set to 10000ms
[01-Nov-2018 06:55:10] NOTICE: fpm is running, pid 1
[01-Nov-2018 06:55:10] NOTICE: ready to handle connections
[01-Nov-2018 06:55:10] NOTICE: systemd monitor interval set to 10000ms
[01-Nov-2018 07:51:55] NOTICE: fpm is running, pid 1
[01-Nov-2018 07:51:55] NOTICE: ready to handle connections
[01-Nov-2018 07:51:55] NOTICE: systemd monitor interval set to 10000ms
[01-Nov-2018 08:26:37] NOTICE: fpm is running, pid 1
[01-Nov-2018 08:26:37] NOTICE: ready to handle connections
[01-Nov-2018 08:26:37] NOTICE: systemd monitor interval set to 10000ms
