[01-Apr-2019 17:23:02] NOTICE: fpm is running, pid 1
[01-Apr-2019 17:23:02] NOTICE: ready to handle connections
[01-Apr-2019 17:23:02] NOTICE: systemd monitor interval set to 10000ms
[01-Apr-2019 17:57:59] NOTICE: Terminating ...
[01-Apr-2019 17:57:59] NOTICE: exiting, bye-bye!
[01-Apr-2019 17:58:45] NOTICE: fpm is running, pid 1
[01-Apr-2019 17:58:45] NOTICE: ready to handle connections
[01-Apr-2019 17:58:45] NOTICE: systemd monitor interval set to 10000ms
[01-Apr-2019 18:00:33] WARNING: [pool www] server reached pm.max_children setting (5), consider raising it
[01-Apr-2019 18:01:15] WARNING: [pool www] server reached pm.max_children setting (5), consider raising it
[02-Apr-2019 14:20:31] WARNING: [pool www] server reached pm.max_children setting (5), consider raising it
[02-Apr-2019 15:24:38] NOTICE: Terminating ...
[02-Apr-2019 15:24:38] NOTICE: exiting, bye-bye!
[02-Apr-2019 15:26:37] NOTICE: fpm is running, pid 1
[02-Apr-2019 15:26:37] NOTICE: ready to handle connections
[02-Apr-2019 15:26:37] NOTICE: systemd monitor interval set to 10000ms
[02-Apr-2019 18:10:12] NOTICE: Terminating ...
[02-Apr-2019 18:10:12] NOTICE: exiting, bye-bye!
[02-Apr-2019 18:11:11] NOTICE: fpm is running, pid 1
[02-Apr-2019 18:11:11] NOTICE: ready to handle connections
[02-Apr-2019 18:11:11] NOTICE: systemd monitor interval set to 10000ms
[02-Apr-2019 18:16:34] NOTICE: Terminating ...
[02-Apr-2019 18:16:34] NOTICE: exiting, bye-bye!
[02-Apr-2019 18:16:46] NOTICE: fpm is running, pid 1
[02-Apr-2019 18:16:46] NOTICE: ready to handle connections
[02-Apr-2019 18:16:46] NOTICE: systemd monitor interval set to 10000ms
[03-Apr-2019 10:37:35] NOTICE: Terminating ...
[03-Apr-2019 10:37:35] NOTICE: exiting, bye-bye!
[03-Apr-2019 10:37:48] NOTICE: fpm is running, pid 1
[03-Apr-2019 10:37:48] NOTICE: ready to handle connections
[03-Apr-2019 10:37:48] NOTICE: systemd monitor interval set to 10000ms
[03-Apr-2019 10:50:11] NOTICE: Terminating ...
[03-Apr-2019 10:50:11] NOTICE: exiting, bye-bye!
[03-Apr-2019 10:59:34] NOTICE: fpm is running, pid 1
[03-Apr-2019 10:59:34] NOTICE: ready to handle connections
[03-Apr-2019 10:59:34] NOTICE: systemd monitor interval set to 10000ms
[03-Apr-2019 14:15:11] NOTICE: Terminating ...
[03-Apr-2019 14:15:11] NOTICE: exiting, bye-bye!
[03-Apr-2019 14:17:27] NOTICE: fpm is running, pid 1
[03-Apr-2019 14:17:27] NOTICE: ready to handle connections
[03-Apr-2019 14:17:27] NOTICE: systemd monitor interval set to 10000ms
[03-Apr-2019 14:39:26] NOTICE: Terminating ...
[03-Apr-2019 14:39:26] NOTICE: exiting, bye-bye!
[03-Apr-2019 15:06:24] NOTICE: fpm is running, pid 1
[03-Apr-2019 15:06:24] NOTICE: ready to handle connections
[03-Apr-2019 15:06:24] NOTICE: systemd monitor interval set to 10000ms
[03-Apr-2019 15:07:49] NOTICE: Terminating ...
[03-Apr-2019 15:07:49] NOTICE: exiting, bye-bye!
[03-Apr-2019 15:09:38] NOTICE: fpm is running, pid 1
[03-Apr-2019 15:09:38] NOTICE: ready to handle connections
[03-Apr-2019 15:09:38] NOTICE: systemd monitor interval set to 10000ms
[03-Apr-2019 15:14:03] NOTICE: Terminating ...
[03-Apr-2019 15:14:03] NOTICE: exiting, bye-bye!
[03-Apr-2019 15:14:06] NOTICE: fpm is running, pid 1
[03-Apr-2019 15:14:06] NOTICE: ready to handle connections
[03-Apr-2019 15:14:06] NOTICE: systemd monitor interval set to 10000ms
[03-Apr-2019 15:18:27] NOTICE: Terminating ...
[03-Apr-2019 15:18:27] NOTICE: exiting, bye-bye!
[03-Apr-2019 15:18:52] NOTICE: fpm is running, pid 1
[03-Apr-2019 15:18:52] NOTICE: ready to handle connections
[03-Apr-2019 15:18:52] NOTICE: systemd monitor interval set to 10000ms
[08-Apr-2019 10:22:48] NOTICE: Terminating ...
[08-Apr-2019 10:22:48] NOTICE: exiting, bye-bye!
[08-Apr-2019 10:27:59] NOTICE: fpm is running, pid 1
[08-Apr-2019 10:27:59] NOTICE: ready to handle connections
[08-Apr-2019 10:27:59] NOTICE: systemd monitor interval set to 10000ms
