[20-Mar-2018 01:47:38] NOTICE: fpm is running, pid 1
[20-Mar-2018 01:47:38] NOTICE: ready to handle connections
[21-Mar-2018 07:46:23] NOTICE: fpm is running, pid 21
[21-Mar-2018 07:46:23] NOTICE: ready to handle connections
[21-Mar-2018 07:46:23] NOTICE: systemd monitor interval set to 10000ms
[21-Mar-2018 07:49:44] NOTICE: configuration file /etc/php5/fpm/php-fpm.conf test is successful

[21-Mar-2018 07:49:44] NOTICE: fpm is running, pid 23
[21-Mar-2018 07:49:44] NOTICE: ready to handle connections
[21-Mar-2018 07:49:44] NOTICE: systemd monitor interval set to 10000ms
[21-Mar-2018 08:40:04] NOTICE: configuration file /etc/php5/fpm/php-fpm.conf test is successful

[21-Mar-2018 08:40:04] NOTICE: fpm is running, pid 23
[21-Mar-2018 08:40:04] NOTICE: ready to handle connections
[21-Mar-2018 08:40:04] NOTICE: systemd monitor interval set to 10000ms
[21-Mar-2018 08:54:47] NOTICE: configuration file /etc/php5/fpm/php-fpm.conf test is successful

[21-Mar-2018 08:54:47] NOTICE: fpm is running, pid 24
[21-Mar-2018 08:54:47] NOTICE: ready to handle connections
[21-Mar-2018 08:54:47] NOTICE: systemd monitor interval set to 10000ms
[21-Mar-2018 09:22:56] NOTICE: configuration file /etc/php5/fpm/php-fpm.conf test is successful

[21-Mar-2018 09:22:56] NOTICE: fpm is running, pid 23
[21-Mar-2018 09:22:56] NOTICE: ready to handle connections
[21-Mar-2018 09:22:56] NOTICE: systemd monitor interval set to 10000ms
[22-Mar-2018 01:54:00] NOTICE: configuration file /etc/php5/fpm/php-fpm.conf test is successful

[22-Mar-2018 01:54:01] NOTICE: fpm is running, pid 23
[22-Mar-2018 01:54:01] NOTICE: ready to handle connections
[22-Mar-2018 01:54:01] NOTICE: systemd monitor interval set to 10000ms
[22-Mar-2018 01:54:52] NOTICE: configuration file /etc/php5/fpm/php-fpm.conf test is successful

[22-Mar-2018 01:54:52] NOTICE: fpm is running, pid 23
[22-Mar-2018 01:54:52] NOTICE: ready to handle connections
[22-Mar-2018 01:54:52] NOTICE: systemd monitor interval set to 10000ms
[22-Mar-2018 01:55:28] NOTICE: fpm is running, pid 21
[22-Mar-2018 01:55:28] NOTICE: ready to handle connections
[22-Mar-2018 01:55:28] NOTICE: systemd monitor interval set to 10000ms
[22-Mar-2018 02:14:07] NOTICE: fpm is running, pid 1
[22-Mar-2018 02:14:07] NOTICE: ready to handle connections
[22-Mar-2018 02:14:07] NOTICE: systemd monitor interval set to 10000ms
[22-Mar-2018 02:16:59] NOTICE: Terminating ...
[22-Mar-2018 02:16:59] NOTICE: exiting, bye-bye!
[22-Mar-2018 02:17:02] NOTICE: fpm is running, pid 1
[22-Mar-2018 02:17:02] NOTICE: ready to handle connections
[22-Mar-2018 02:17:02] NOTICE: systemd monitor interval set to 10000ms
[22-Mar-2018 02:23:39] NOTICE: Terminating ...
[22-Mar-2018 02:23:39] NOTICE: exiting, bye-bye!
[22-Mar-2018 02:23:41] NOTICE: fpm is running, pid 1
[22-Mar-2018 02:23:41] NOTICE: ready to handle connections
[22-Mar-2018 02:23:41] NOTICE: systemd monitor interval set to 10000ms
[22-Mar-2018 02:32:59] NOTICE: Terminating ...
[22-Mar-2018 02:32:59] NOTICE: exiting, bye-bye!
[22-Mar-2018 02:33:01] NOTICE: fpm is running, pid 1
[22-Mar-2018 02:33:01] NOTICE: ready to handle connections
[22-Mar-2018 02:33:01] NOTICE: systemd monitor interval set to 10000ms
[22-Mar-2018 02:36:13] NOTICE: fpm is running, pid 1
[22-Mar-2018 02:36:13] NOTICE: ready to handle connections
[22-Mar-2018 02:36:13] NOTICE: systemd monitor interval set to 10000ms
[22-Mar-2018 02:39:07] NOTICE: Terminating ...
[22-Mar-2018 02:39:07] NOTICE: exiting, bye-bye!
[22-Mar-2018 02:39:10] NOTICE: fpm is running, pid 1
[22-Mar-2018 02:39:10] NOTICE: ready to handle connections
[22-Mar-2018 02:39:10] NOTICE: systemd monitor interval set to 10000ms
[22-Mar-2018 03:10:43] NOTICE: Terminating ...
[22-Mar-2018 03:10:43] NOTICE: exiting, bye-bye!
[22-Mar-2018 07:19:40] NOTICE: fpm is running, pid 1
[22-Mar-2018 07:19:40] NOTICE: ready to handle connections
[22-Mar-2018 07:19:40] NOTICE: systemd monitor interval set to 10000ms
[22-Mar-2018 08:07:42] NOTICE: Terminating ...
[22-Mar-2018 08:07:42] NOTICE: exiting, bye-bye!
[22-Mar-2018 08:07:44] NOTICE: fpm is running, pid 1
[22-Mar-2018 08:07:44] NOTICE: ready to handle connections
[22-Mar-2018 08:07:44] NOTICE: systemd monitor interval set to 10000ms
[22-Mar-2018 08:43:24] NOTICE: Terminating ...
[22-Mar-2018 08:43:24] NOTICE: exiting, bye-bye!
[22-Mar-2018 08:43:26] ERROR: Unable to create the PID file (/run/php/php5.6-fpm.pid).: No such file or directory (2)
[22-Mar-2018 08:43:26] ERROR: FPM initialization failed
[22-Mar-2018 08:47:29] NOTICE: fpm is running, pid 1
[22-Mar-2018 08:47:29] NOTICE: ready to handle connections
[22-Mar-2018 08:47:29] NOTICE: systemd monitor interval set to 10000ms
[22-Mar-2018 09:01:25] WARNING: [pool www] server reached pm.max_children setting (5), consider raising it
[01-Aug-2018 16:44:28] NOTICE: fpm is running, pid 1
[01-Aug-2018 16:44:28] NOTICE: ready to handle connections
[01-Aug-2018 16:44:28] NOTICE: systemd monitor interval set to 10000ms
[02-Aug-2018 09:44:31] NOTICE: fpm is running, pid 1
[02-Aug-2018 09:44:31] NOTICE: ready to handle connections
[02-Aug-2018 09:44:31] NOTICE: systemd monitor interval set to 10000ms
[03-Aug-2018 09:45:14] NOTICE: fpm is running, pid 1
[03-Aug-2018 09:45:14] NOTICE: ready to handle connections
[03-Aug-2018 09:45:14] NOTICE: systemd monitor interval set to 10000ms
[06-Aug-2018 10:04:22] NOTICE: fpm is running, pid 1
[06-Aug-2018 10:04:22] NOTICE: ready to handle connections
[06-Aug-2018 10:04:22] NOTICE: systemd monitor interval set to 10000ms
[07-Aug-2018 09:43:59] NOTICE: fpm is running, pid 1
[07-Aug-2018 09:43:59] NOTICE: ready to handle connections
[07-Aug-2018 09:43:59] NOTICE: systemd monitor interval set to 10000ms
[08-Aug-2018 09:42:50] NOTICE: fpm is running, pid 1
[08-Aug-2018 09:42:50] NOTICE: ready to handle connections
[08-Aug-2018 09:42:50] NOTICE: systemd monitor interval set to 10000ms
[10-Aug-2018 09:55:27] NOTICE: fpm is running, pid 1
[10-Aug-2018 09:55:27] NOTICE: ready to handle connections
[10-Aug-2018 09:55:27] NOTICE: systemd monitor interval set to 10000ms
[13-Aug-2018 09:56:32] NOTICE: fpm is running, pid 1
[13-Aug-2018 09:56:32] NOTICE: ready to handle connections
[13-Aug-2018 09:56:32] NOTICE: systemd monitor interval set to 10000ms
[14-Aug-2018 09:50:31] NOTICE: fpm is running, pid 1
[14-Aug-2018 09:50:31] NOTICE: ready to handle connections
[14-Aug-2018 09:50:31] NOTICE: systemd monitor interval set to 10000ms
[15-Aug-2018 10:00:13] NOTICE: fpm is running, pid 1
[15-Aug-2018 10:00:13] NOTICE: ready to handle connections
[15-Aug-2018 10:00:13] NOTICE: systemd monitor interval set to 10000ms
[16-Aug-2018 10:04:12] NOTICE: fpm is running, pid 1
[16-Aug-2018 10:04:12] NOTICE: ready to handle connections
[16-Aug-2018 10:04:12] NOTICE: systemd monitor interval set to 10000ms
[17-Aug-2018 09:51:33] NOTICE: fpm is running, pid 1
[17-Aug-2018 09:51:33] NOTICE: ready to handle connections
[17-Aug-2018 09:51:33] NOTICE: systemd monitor interval set to 10000ms
[20-Aug-2018 09:52:57] NOTICE: fpm is running, pid 1
[20-Aug-2018 09:52:57] NOTICE: ready to handle connections
[20-Aug-2018 09:52:57] NOTICE: systemd monitor interval set to 10000ms
[21-Aug-2018 09:45:16] NOTICE: fpm is running, pid 1
[21-Aug-2018 09:45:16] NOTICE: ready to handle connections
[21-Aug-2018 09:45:16] NOTICE: systemd monitor interval set to 10000ms
[22-Aug-2018 09:53:03] NOTICE: fpm is running, pid 1
[22-Aug-2018 09:53:03] NOTICE: ready to handle connections
[22-Aug-2018 09:53:03] NOTICE: systemd monitor interval set to 10000ms
[23-Aug-2018 09:58:43] NOTICE: fpm is running, pid 1
[23-Aug-2018 09:58:44] NOTICE: ready to handle connections
[23-Aug-2018 09:58:44] NOTICE: systemd monitor interval set to 10000ms
[24-Aug-2018 10:02:57] NOTICE: fpm is running, pid 1
[24-Aug-2018 10:02:57] NOTICE: ready to handle connections
[24-Aug-2018 10:02:57] NOTICE: systemd monitor interval set to 10000ms
[27-Aug-2018 10:19:39] NOTICE: fpm is running, pid 1
[27-Aug-2018 10:19:39] NOTICE: ready to handle connections
[27-Aug-2018 10:19:39] NOTICE: systemd monitor interval set to 10000ms
[28-Aug-2018 11:30:52] NOTICE: fpm is running, pid 1
[28-Aug-2018 11:30:52] NOTICE: ready to handle connections
[28-Aug-2018 11:30:52] NOTICE: systemd monitor interval set to 10000ms
[29-Aug-2018 09:40:45] NOTICE: fpm is running, pid 1
[29-Aug-2018 09:40:45] NOTICE: ready to handle connections
[29-Aug-2018 09:40:45] NOTICE: systemd monitor interval set to 10000ms
[30-Aug-2018 09:33:23] NOTICE: fpm is running, pid 1
[30-Aug-2018 09:33:23] NOTICE: ready to handle connections
[30-Aug-2018 09:33:23] NOTICE: systemd monitor interval set to 10000ms
[31-Aug-2018 09:31:53] NOTICE: fpm is running, pid 1
[31-Aug-2018 09:31:53] NOTICE: ready to handle connections
[31-Aug-2018 09:31:53] NOTICE: systemd monitor interval set to 10000ms
[03-Sep-2018 10:01:02] NOTICE: fpm is running, pid 1
[03-Sep-2018 10:01:02] NOTICE: ready to handle connections
[03-Sep-2018 10:01:02] NOTICE: systemd monitor interval set to 10000ms
[04-Sep-2018 10:05:11] NOTICE: fpm is running, pid 1
[04-Sep-2018 10:05:11] NOTICE: ready to handle connections
[04-Sep-2018 10:05:11] NOTICE: systemd monitor interval set to 10000ms
[05-Sep-2018 09:48:56] NOTICE: fpm is running, pid 1
[05-Sep-2018 09:48:56] NOTICE: ready to handle connections
[05-Sep-2018 09:48:56] NOTICE: systemd monitor interval set to 10000ms
[06-Sep-2018 09:49:57] NOTICE: fpm is running, pid 1
[06-Sep-2018 09:49:57] NOTICE: ready to handle connections
[06-Sep-2018 09:49:57] NOTICE: systemd monitor interval set to 10000ms
[07-Sep-2018 10:08:15] NOTICE: fpm is running, pid 1
[07-Sep-2018 10:08:15] NOTICE: ready to handle connections
[07-Sep-2018 10:08:15] NOTICE: systemd monitor interval set to 10000ms
[10-Sep-2018 09:49:19] NOTICE: fpm is running, pid 1
[10-Sep-2018 09:49:19] NOTICE: ready to handle connections
[10-Sep-2018 09:49:19] NOTICE: systemd monitor interval set to 10000ms
[11-Sep-2018 09:52:47] NOTICE: fpm is running, pid 1
[11-Sep-2018 09:52:47] NOTICE: ready to handle connections
[11-Sep-2018 09:52:47] NOTICE: systemd monitor interval set to 10000ms
[12-Sep-2018 10:13:44] NOTICE: fpm is running, pid 1
[12-Sep-2018 10:13:44] NOTICE: ready to handle connections
[12-Sep-2018 10:13:44] NOTICE: systemd monitor interval set to 10000ms
[13-Sep-2018 09:49:01] NOTICE: fpm is running, pid 1
[13-Sep-2018 09:49:01] NOTICE: ready to handle connections
[13-Sep-2018 09:49:01] NOTICE: systemd monitor interval set to 10000ms
[13-Sep-2018 16:31:09] WARNING: [pool www] server reached pm.max_children setting (5), consider raising it
[14-Sep-2018 10:23:44] NOTICE: fpm is running, pid 1
[14-Sep-2018 10:23:44] NOTICE: ready to handle connections
[14-Sep-2018 10:23:44] NOTICE: systemd monitor interval set to 10000ms
[15-Sep-2018 11:49:45] NOTICE: fpm is running, pid 1
[15-Sep-2018 11:49:45] NOTICE: ready to handle connections
[15-Sep-2018 11:49:45] NOTICE: systemd monitor interval set to 10000ms
[16-Sep-2018 04:29:28] NOTICE: fpm is running, pid 1
[16-Sep-2018 04:29:28] NOTICE: ready to handle connections
[16-Sep-2018 04:29:28] NOTICE: systemd monitor interval set to 10000ms
[17-Sep-2018 02:22:59] NOTICE: fpm is running, pid 1
[17-Sep-2018 02:22:59] NOTICE: ready to handle connections
[17-Sep-2018 02:22:59] NOTICE: systemd monitor interval set to 10000ms
[21-Sep-2018 03:22:41] WARNING: [pool www] server reached pm.max_children setting (5), consider raising it
[21-Sep-2018 09:52:09] WARNING: [pool www] server reached pm.max_children setting (5), consider raising it
[21-Sep-2018 10:13:40] WARNING: [pool www] server reached pm.max_children setting (5), consider raising it
[21-Sep-2018 10:44:15] WARNING: [pool www] server reached pm.max_children setting (5), consider raising it
[25-Sep-2018 03:39:18] NOTICE: fpm is running, pid 1
[25-Sep-2018 03:39:18] NOTICE: ready to handle connections
[25-Sep-2018 03:39:18] NOTICE: systemd monitor interval set to 10000ms
[25-Sep-2018 06:28:39] NOTICE: Terminating ...
[25-Sep-2018 06:28:39] NOTICE: exiting, bye-bye!
[25-Sep-2018 06:28:42] NOTICE: fpm is running, pid 1
[25-Sep-2018 06:28:42] NOTICE: ready to handle connections
[25-Sep-2018 06:28:42] NOTICE: systemd monitor interval set to 10000ms
[25-Sep-2018 10:31:19] NOTICE: Terminating ...
[25-Sep-2018 10:31:19] NOTICE: exiting, bye-bye!
[25-Sep-2018 10:31:21] NOTICE: fpm is running, pid 1
[25-Sep-2018 10:31:21] NOTICE: ready to handle connections
[25-Sep-2018 10:31:21] NOTICE: systemd monitor interval set to 10000ms
[27-Sep-2018 09:45:00] WARNING: [pool www] server reached pm.max_children setting (5), consider raising it
[28-Sep-2018 08:28:04] NOTICE: Terminating ...
[28-Sep-2018 08:28:04] NOTICE: exiting, bye-bye!
[28-Sep-2018 08:30:53] NOTICE: fpm is running, pid 1
[28-Sep-2018 08:30:53] NOTICE: ready to handle connections
[28-Sep-2018 08:30:53] NOTICE: systemd monitor interval set to 10000ms
[08-Oct-2018 06:28:58] NOTICE: fpm is running, pid 1
[08-Oct-2018 06:28:58] NOTICE: ready to handle connections
[08-Oct-2018 06:28:58] NOTICE: systemd monitor interval set to 10000ms
[11-Oct-2018 02:16:02] NOTICE: fpm is running, pid 1
[11-Oct-2018 02:16:02] NOTICE: ready to handle connections
[11-Oct-2018 02:16:02] NOTICE: systemd monitor interval set to 10000ms
[11-Oct-2018 02:28:48] WARNING: [pool www] server reached pm.max_children setting (5), consider raising it
[30-Oct-2018 02:21:28] NOTICE: fpm is running, pid 1
[30-Oct-2018 02:21:28] NOTICE: ready to handle connections
[30-Oct-2018 02:21:28] NOTICE: systemd monitor interval set to 10000ms
[31-Oct-2018 09:08:54] NOTICE: fpm is running, pid 1
[31-Oct-2018 09:08:54] NOTICE: ready to handle connections
[31-Oct-2018 09:08:54] NOTICE: systemd monitor interval set to 10000ms
[01-Nov-2018 03:37:38] NOTICE: fpm is running, pid 1
[01-Nov-2018 03:37:38] NOTICE: ready to handle connections
[01-Nov-2018 03:37:38] NOTICE: systemd monitor interval set to 10000ms
[01-Nov-2018 06:29:19] NOTICE: Terminating ...
[01-Nov-2018 06:29:19] NOTICE: exiting, bye-bye!
[01-Nov-2018 06:29:22] NOTICE: fpm is running, pid 1
[01-Nov-2018 06:29:22] NOTICE: ready to handle connections
[01-Nov-2018 06:29:22] NOTICE: systemd monitor interval set to 10000ms
[01-Nov-2018 06:55:10] NOTICE: fpm is running, pid 1
[01-Nov-2018 06:55:10] NOTICE: ready to handle connections
[01-Nov-2018 06:55:10] NOTICE: systemd monitor interval set to 10000ms
[01-Nov-2018 07:51:55] NOTICE: fpm is running, pid 1
[01-Nov-2018 07:51:55] NOTICE: ready to handle connections
[01-Nov-2018 07:51:55] NOTICE: systemd monitor interval set to 10000ms
[01-Nov-2018 08:26:37] NOTICE: fpm is running, pid 1
[01-Nov-2018 08:26:37] NOTICE: ready to handle connections
[01-Nov-2018 08:26:37] NOTICE: systemd monitor interval set to 10000ms
[01-Nov-2018 11:27:29] NOTICE: fpm is running, pid 1
[01-Nov-2018 11:27:29] NOTICE: ready to handle connections
[01-Nov-2018 11:27:29] NOTICE: systemd monitor interval set to 10000ms
[02-Nov-2018 02:24:14] NOTICE: Terminating ...
[02-Nov-2018 02:24:14] NOTICE: exiting, bye-bye!
[02-Nov-2018 02:24:28] NOTICE: fpm is running, pid 1
[02-Nov-2018 02:24:28] NOTICE: ready to handle connections
[02-Nov-2018 02:24:28] NOTICE: systemd monitor interval set to 10000ms
[02-Nov-2018 03:41:01] NOTICE: Terminating ...
[02-Nov-2018 03:41:01] NOTICE: exiting, bye-bye!
[02-Nov-2018 03:41:02] NOTICE: fpm is running, pid 1
[02-Nov-2018 03:41:02] NOTICE: ready to handle connections
[02-Nov-2018 03:41:02] NOTICE: systemd monitor interval set to 10000ms
[02-Nov-2018 03:42:31] NOTICE: Terminating ...
[02-Nov-2018 03:42:31] NOTICE: exiting, bye-bye!
[02-Nov-2018 03:42:34] NOTICE: fpm is running, pid 1
[02-Nov-2018 03:42:34] NOTICE: ready to handle connections
[02-Nov-2018 03:42:34] NOTICE: systemd monitor interval set to 10000ms
[05-Nov-2018 01:56:07] NOTICE: fpm is running, pid 1
[05-Nov-2018 01:56:07] NOTICE: ready to handle connections
[05-Nov-2018 01:56:07] NOTICE: systemd monitor interval set to 10000ms
[12-Nov-2018 01:50:22] NOTICE: fpm is running, pid 1
[12-Nov-2018 01:50:22] NOTICE: ready to handle connections
[12-Nov-2018 01:50:22] NOTICE: systemd monitor interval set to 10000ms
[19-Nov-2018 01:58:04] NOTICE: Terminating ...
[19-Nov-2018 01:58:04] NOTICE: exiting, bye-bye!
[19-Nov-2018 02:07:38] NOTICE: fpm is running, pid 1
[19-Nov-2018 02:07:38] NOTICE: ready to handle connections
[19-Nov-2018 02:07:38] NOTICE: systemd monitor interval set to 10000ms
[20-Nov-2018 02:08:06] NOTICE: Terminating ...
[20-Nov-2018 02:08:06] NOTICE: exiting, bye-bye!
[20-Nov-2018 02:08:09] NOTICE: fpm is running, pid 1
[20-Nov-2018 02:08:09] NOTICE: ready to handle connections
[20-Nov-2018 02:08:09] NOTICE: systemd monitor interval set to 10000ms
[20-Nov-2018 03:00:29] WARNING: [pool www] server reached pm.max_children setting (5), consider raising it
[20-Nov-2018 03:01:00] WARNING: [pool www] server reached pm.max_children setting (5), consider raising it
[26-Nov-2018 01:52:08] NOTICE: Terminating ...
[26-Nov-2018 01:52:08] NOTICE: exiting, bye-bye!
[26-Nov-2018 01:54:33] NOTICE: fpm is running, pid 1
[26-Nov-2018 01:54:33] NOTICE: ready to handle connections
[26-Nov-2018 01:54:33] NOTICE: systemd monitor interval set to 10000ms
[04-Dec-2018 02:02:50] NOTICE: Terminating ...
[04-Dec-2018 02:02:50] NOTICE: exiting, bye-bye!
[04-Dec-2018 02:05:03] NOTICE: fpm is running, pid 1
[04-Dec-2018 02:05:03] NOTICE: ready to handle connections
[04-Dec-2018 02:05:03] NOTICE: systemd monitor interval set to 10000ms
[06-Dec-2018 07:26:01] WARNING: [pool www] server reached pm.max_children setting (5), consider raising it
[10-Dec-2018 02:30:19] NOTICE: Terminating ...
[10-Dec-2018 02:30:19] NOTICE: exiting, bye-bye!
[10-Dec-2018 02:32:53] NOTICE: fpm is running, pid 1
[10-Dec-2018 02:32:53] NOTICE: ready to handle connections
[10-Dec-2018 02:32:53] NOTICE: systemd monitor interval set to 10000ms
[11-Dec-2018 06:17:01] WARNING: [pool www] server reached pm.max_children setting (5), consider raising it
[13-Dec-2018 07:19:08] WARNING: [pool www] server reached pm.max_children setting (5), consider raising it
[17-Dec-2018 02:28:38] NOTICE: Terminating ...
[17-Dec-2018 02:28:38] NOTICE: exiting, bye-bye!
[17-Dec-2018 02:45:37] NOTICE: fpm is running, pid 1
[17-Dec-2018 02:45:37] NOTICE: ready to handle connections
[17-Dec-2018 02:45:37] NOTICE: systemd monitor interval set to 10000ms
[17-Dec-2018 09:00:29] NOTICE: Terminating ...
[17-Dec-2018 09:00:29] NOTICE: exiting, bye-bye!
[17-Dec-2018 09:00:31] NOTICE: fpm is running, pid 1
[17-Dec-2018 09:00:31] NOTICE: ready to handle connections
[17-Dec-2018 09:00:31] NOTICE: systemd monitor interval set to 10000ms
[17-Dec-2018 09:03:13] NOTICE: Terminating ...
[17-Dec-2018 09:03:13] NOTICE: exiting, bye-bye!
[17-Dec-2018 09:03:16] NOTICE: fpm is running, pid 1
[17-Dec-2018 09:03:16] NOTICE: ready to handle connections
[17-Dec-2018 09:03:16] NOTICE: systemd monitor interval set to 10000ms
[19-Dec-2018 07:22:41] WARNING: [pool www] server reached pm.max_children setting (5), consider raising it
[20-Dec-2018 08:08:38] WARNING: [pool www] server reached pm.max_children setting (5), consider raising it
[20-Dec-2018 09:02:26] WARNING: [pool www] server reached pm.max_children setting (5), consider raising it
[21-Dec-2018 03:16:30] WARNING: [pool www] server reached pm.max_children setting (5), consider raising it
[24-Dec-2018 02:22:06] NOTICE: Terminating ...
[24-Dec-2018 02:22:06] NOTICE: exiting, bye-bye!
[24-Dec-2018 03:27:23] NOTICE: fpm is running, pid 1
[24-Dec-2018 03:27:23] NOTICE: ready to handle connections
[24-Dec-2018 03:27:23] NOTICE: systemd monitor interval set to 10000ms
[31-Dec-2018 05:00:11] NOTICE: Terminating ...
[31-Dec-2018 05:00:11] NOTICE: exiting, bye-bye!
[02-Jan-2019 01:55:06] NOTICE: fpm is running, pid 1
[02-Jan-2019 01:55:06] NOTICE: ready to handle connections
[02-Jan-2019 01:55:06] NOTICE: systemd monitor interval set to 10000ms
[07-Jan-2019 02:21:10] NOTICE: Terminating ...
[07-Jan-2019 02:21:10] NOTICE: exiting, bye-bye!
[07-Jan-2019 02:23:00] NOTICE: fpm is running, pid 1
[07-Jan-2019 02:23:00] NOTICE: ready to handle connections
[07-Jan-2019 02:23:00] NOTICE: systemd monitor interval set to 10000ms
[07-Jan-2019 06:40:01] NOTICE: Terminating ...
[07-Jan-2019 06:40:01] NOTICE: exiting, bye-bye!
[07-Jan-2019 07:21:23] NOTICE: fpm is running, pid 1
[07-Jan-2019 07:21:23] NOTICE: ready to handle connections
[07-Jan-2019 07:21:23] NOTICE: systemd monitor interval set to 10000ms
[11-Jan-2019 02:29:54] NOTICE: Terminating ...
[11-Jan-2019 02:29:54] NOTICE: exiting, bye-bye!
[11-Jan-2019 02:31:46] NOTICE: fpm is running, pid 1
[11-Jan-2019 02:31:46] NOTICE: ready to handle connections
[11-Jan-2019 02:31:46] NOTICE: systemd monitor interval set to 10000ms
[11-Jan-2019 11:04:22] NOTICE: Terminating ...
[11-Jan-2019 11:04:22] NOTICE: exiting, bye-bye!
[14-Jan-2019 02:08:11] NOTICE: fpm is running, pid 1
[14-Jan-2019 02:08:11] NOTICE: ready to handle connections
[14-Jan-2019 02:08:11] NOTICE: systemd monitor interval set to 10000ms
[15-Jan-2019 06:58:55] WARNING: [pool www] server reached pm.max_children setting (5), consider raising it
[21-Jan-2019 02:08:27] NOTICE: fpm is running, pid 1
[21-Jan-2019 02:08:27] NOTICE: ready to handle connections
[21-Jan-2019 02:08:27] NOTICE: systemd monitor interval set to 10000ms
[27-Jan-2019 08:33:44] NOTICE: Terminating ...
[27-Jan-2019 08:33:44] NOTICE: exiting, bye-bye!
[28-Jan-2019 02:13:12] NOTICE: fpm is running, pid 1
[28-Jan-2019 02:13:12] NOTICE: ready to handle connections
[28-Jan-2019 02:13:12] NOTICE: systemd monitor interval set to 10000ms
[18-Feb-2019 02:21:07] NOTICE: fpm is running, pid 1
[18-Feb-2019 02:21:07] NOTICE: ready to handle connections
[18-Feb-2019 02:21:07] NOTICE: systemd monitor interval set to 10000ms
[21-Feb-2019 06:09:59] WARNING: [pool www] server reached pm.max_children setting (5), consider raising it
[22-Feb-2019 01:58:28] NOTICE: Terminating ...
[22-Feb-2019 01:58:28] NOTICE: exiting, bye-bye!
[22-Feb-2019 02:29:52] NOTICE: fpm is running, pid 1
[22-Feb-2019 02:29:52] NOTICE: ready to handle connections
[22-Feb-2019 02:29:52] NOTICE: systemd monitor interval set to 10000ms
[22-Feb-2019 10:28:01] NOTICE: Terminating ...
[22-Feb-2019 10:28:01] NOTICE: exiting, bye-bye!
[25-Feb-2019 06:07:49] NOTICE: fpm is running, pid 1
[25-Feb-2019 06:07:49] NOTICE: ready to handle connections
[25-Feb-2019 06:07:49] NOTICE: systemd monitor interval set to 10000ms
[04-Mar-2019 02:05:13] NOTICE: Terminating ...
[04-Mar-2019 02:05:13] NOTICE: exiting, bye-bye!
[04-Mar-2019 02:08:25] NOTICE: fpm is running, pid 1
[04-Mar-2019 02:08:25] NOTICE: ready to handle connections
[04-Mar-2019 02:08:25] NOTICE: systemd monitor interval set to 10000ms
[05-Mar-2019 09:52:01] NOTICE: Terminating ...
[05-Mar-2019 09:52:01] NOTICE: exiting, bye-bye!
[05-Mar-2019 17:53:15] NOTICE: fpm is running, pid 1
[05-Mar-2019 17:53:15] NOTICE: ready to handle connections
[05-Mar-2019 17:53:15] NOTICE: systemd monitor interval set to 10000ms
[08-Mar-2019 18:18:48] NOTICE: Terminating ...
[08-Mar-2019 18:18:48] NOTICE: exiting, bye-bye!
[11-Mar-2019 10:15:21] NOTICE: fpm is running, pid 1
[11-Mar-2019 10:15:21] NOTICE: ready to handle connections
[11-Mar-2019 10:15:21] NOTICE: systemd monitor interval set to 10000ms
[18-Mar-2019 14:35:07] NOTICE: fpm is running, pid 1
[18-Mar-2019 14:35:07] NOTICE: ready to handle connections
[18-Mar-2019 14:35:07] NOTICE: systemd monitor interval set to 10000ms
[18-Mar-2019 16:22:22] NOTICE: fpm is running, pid 1
[18-Mar-2019 16:22:22] NOTICE: ready to handle connections
[18-Mar-2019 16:22:22] NOTICE: systemd monitor interval set to 10000ms
[19-Mar-2019 15:58:20] NOTICE: fpm is running, pid 1
[19-Mar-2019 15:58:20] NOTICE: ready to handle connections
[19-Mar-2019 15:58:20] NOTICE: systemd monitor interval set to 10000ms
[22-Mar-2019 10:10:59] WARNING: [pool www] server reached pm.max_children setting (5), consider raising it
[22-Mar-2019 10:24:31] WARNING: [pool www] server reached pm.max_children setting (5), consider raising it
[25-Mar-2019 09:51:28] NOTICE: Terminating ...
[25-Mar-2019 09:51:28] NOTICE: exiting, bye-bye!
[25-Mar-2019 09:56:03] NOTICE: fpm is running, pid 1
[25-Mar-2019 09:56:03] NOTICE: ready to handle connections
[25-Mar-2019 09:56:03] NOTICE: systemd monitor interval set to 10000ms
[25-Mar-2019 10:41:08] NOTICE: Terminating ...
[25-Mar-2019 10:41:08] NOTICE: exiting, bye-bye!
[25-Mar-2019 10:41:10] NOTICE: fpm is running, pid 1
[25-Mar-2019 10:41:10] NOTICE: ready to handle connections
[25-Mar-2019 10:41:10] NOTICE: systemd monitor interval set to 10000ms
[25-Mar-2019 10:43:25] WARNING: [pool www] server reached pm.max_children setting (5), consider raising it
[25-Mar-2019 10:45:50] WARNING: [pool www] server reached pm.max_children setting (5), consider raising it
[25-Mar-2019 10:48:02] WARNING: [pool www] server reached pm.max_children setting (5), consider raising it
[25-Mar-2019 10:50:49] WARNING: [pool www] server reached pm.max_children setting (5), consider raising it
[25-Mar-2019 10:57:29] WARNING: [pool www] server reached pm.max_children setting (5), consider raising it
[25-Mar-2019 11:00:43] WARNING: [pool www] server reached pm.max_children setting (5), consider raising it
[27-Mar-2019 14:05:37] NOTICE: fpm is running, pid 1
[27-Mar-2019 14:05:37] NOTICE: ready to handle connections
[27-Mar-2019 14:05:37] NOTICE: systemd monitor interval set to 10000ms
[29-Mar-2019 18:11:58] NOTICE: Terminating ...
[29-Mar-2019 18:11:58] NOTICE: exiting, bye-bye!
[01-Apr-2019 10:15:27] NOTICE: fpm is running, pid 1
[01-Apr-2019 10:15:27] NOTICE: ready to handle connections
[01-Apr-2019 10:15:27] NOTICE: systemd monitor interval set to 10000ms
[01-Apr-2019 14:20:31] WARNING: [pool www] server reached pm.max_children setting (5), consider raising it
[01-Apr-2019 14:28:50] WARNING: [pool www] server reached pm.max_children setting (5), consider raising it
[01-Apr-2019 15:05:10] WARNING: [pool www] server reached pm.max_children setting (5), consider raising it
[01-Apr-2019 16:14:16] WARNING: [pool www] server reached pm.max_children setting (5), consider raising it
[01-Apr-2019 17:03:19] NOTICE: Terminating ...
[01-Apr-2019 17:03:19] NOTICE: exiting, bye-bye!
[01-Apr-2019 17:03:32] NOTICE: fpm is running, pid 1
[01-Apr-2019 17:03:32] NOTICE: ready to handle connections
[01-Apr-2019 17:03:32] NOTICE: systemd monitor interval set to 10000ms
[01-Apr-2019 17:58:00] NOTICE: Terminating ...
[01-Apr-2019 17:58:00] NOTICE: exiting, bye-bye!
[01-Apr-2019 17:58:45] NOTICE: fpm is running, pid 1
[01-Apr-2019 17:58:45] NOTICE: ready to handle connections
[01-Apr-2019 17:58:45] NOTICE: systemd monitor interval set to 10000ms
[02-Apr-2019 15:24:39] NOTICE: Terminating ...
[02-Apr-2019 15:24:39] NOTICE: exiting, bye-bye!
[02-Apr-2019 15:26:37] NOTICE: fpm is running, pid 1
[02-Apr-2019 15:26:37] NOTICE: ready to handle connections
[02-Apr-2019 15:26:37] NOTICE: systemd monitor interval set to 10000ms
[02-Apr-2019 18:10:14] NOTICE: Terminating ...
[02-Apr-2019 18:10:14] NOTICE: exiting, bye-bye!
[02-Apr-2019 18:11:12] NOTICE: fpm is running, pid 1
[02-Apr-2019 18:11:12] NOTICE: ready to handle connections
[02-Apr-2019 18:11:12] NOTICE: systemd monitor interval set to 10000ms
[02-Apr-2019 18:16:36] NOTICE: Terminating ...
[02-Apr-2019 18:16:36] NOTICE: exiting, bye-bye!
[02-Apr-2019 18:16:46] NOTICE: fpm is running, pid 1
[02-Apr-2019 18:16:46] NOTICE: ready to handle connections
[02-Apr-2019 18:16:46] NOTICE: systemd monitor interval set to 10000ms
[03-Apr-2019 10:37:36] NOTICE: Terminating ...
[03-Apr-2019 10:37:36] NOTICE: exiting, bye-bye!
[03-Apr-2019 10:37:48] NOTICE: fpm is running, pid 1
[03-Apr-2019 10:37:48] NOTICE: ready to handle connections
[03-Apr-2019 10:37:48] NOTICE: systemd monitor interval set to 10000ms
[03-Apr-2019 10:50:12] NOTICE: Terminating ...
[03-Apr-2019 10:50:12] NOTICE: exiting, bye-bye!
[03-Apr-2019 10:59:34] NOTICE: fpm is running, pid 1
[03-Apr-2019 10:59:34] NOTICE: ready to handle connections
[03-Apr-2019 10:59:34] NOTICE: systemd monitor interval set to 10000ms
[03-Apr-2019 14:15:12] NOTICE: Terminating ...
[03-Apr-2019 14:15:12] NOTICE: exiting, bye-bye!
[03-Apr-2019 14:17:27] NOTICE: fpm is running, pid 1
[03-Apr-2019 14:17:27] NOTICE: ready to handle connections
[03-Apr-2019 14:17:27] NOTICE: systemd monitor interval set to 10000ms
[03-Apr-2019 14:39:27] NOTICE: Terminating ...
[03-Apr-2019 14:39:27] NOTICE: exiting, bye-bye!
[03-Apr-2019 15:06:25] NOTICE: fpm is running, pid 1
[03-Apr-2019 15:06:25] NOTICE: ready to handle connections
[03-Apr-2019 15:06:25] NOTICE: systemd monitor interval set to 10000ms
[03-Apr-2019 15:07:50] NOTICE: Terminating ...
[03-Apr-2019 15:07:50] NOTICE: exiting, bye-bye!
[03-Apr-2019 15:09:38] NOTICE: fpm is running, pid 1
[03-Apr-2019 15:09:38] NOTICE: ready to handle connections
[03-Apr-2019 15:09:38] NOTICE: systemd monitor interval set to 10000ms
[03-Apr-2019 15:13:51] NOTICE: Terminating ...
[03-Apr-2019 15:13:51] NOTICE: exiting, bye-bye!
[03-Apr-2019 15:13:52] NOTICE: fpm is running, pid 1
[03-Apr-2019 15:13:52] NOTICE: ready to handle connections
[03-Apr-2019 15:13:52] NOTICE: systemd monitor interval set to 10000ms
[03-Apr-2019 15:18:28] NOTICE: Terminating ...
[03-Apr-2019 15:18:28] NOTICE: exiting, bye-bye!
[03-Apr-2019 15:18:51] NOTICE: fpm is running, pid 1
[03-Apr-2019 15:18:51] NOTICE: ready to handle connections
[03-Apr-2019 15:18:51] NOTICE: systemd monitor interval set to 10000ms
[08-Apr-2019 10:22:49] NOTICE: Terminating ...
[08-Apr-2019 10:22:49] NOTICE: exiting, bye-bye!
[08-Apr-2019 10:27:59] NOTICE: fpm is running, pid 1
[08-Apr-2019 10:27:59] NOTICE: ready to handle connections
[08-Apr-2019 10:27:59] NOTICE: systemd monitor interval set to 10000ms
